2026-03-15T07:29:14Z | success | newArticles=0 | duplicates=727 | official(0/24) twitter(0/0) instagram(0/0) news(0/245) youtube(0/31) goods(0/427)
[2026-03-15 07:39 UTC] runAllScrapers: success | newArticles=0 | duplicates=724 (official:24, news:243, youtube:32, goods:425, twitter:0, instagram:0)
2026-03-15T07:49:56Z | total_new=1 total_dup=725 | official(new=0,dup=24) twitter(new=0,dup=0) instagram(new=0,dup=0) news(new=0,dup=243) youtube(new=0,dup=33) goods(new=1,dup=425)
2026-03-15T11:27:18Z | totalNew=1 totalDup=729 | official(0/24) twitter(0/0) instagram(0/0) news(0/245) youtube(1/29) goods(0/431)
2026-03-15T11:47:59Z | totalNew=0 totalDups=727 | official(new=0,dup=24) twitter(new=0,dup=0) instagram(new=0,dup=0) news(new=0,dup=244) youtube(new=0,dup=30) goods(new=0,dup=429)
[2026-03-15 21:08 JST] runAllScrapers 完了
  新規: 2件 (goods: 2) | 重複: 728件
  official: new=0, dup=24
  twitter:  new=0, dup=0
  instagram:new=0, dup=0
  news:     new=0, dup=244
  youtube:  new=0, dup=31
  goods:    new=2, dup=429
2026-03-15T12:19:05Z | newArticles=0 | duplicates=733 | official(new=0,dup=24) twitter(new=0,dup=0) instagram(new=0,dup=0) news(new=0,dup=243) youtube(new=0,dup=31) goods(new=0,dup=435)
2026-03-15T12:50:09Z | totalNewArticles=2 | totalDuplicates=716 | official:new=0,dup=24 | twitter:new=0,dup=0 | instagram:new=0,dup=0 | news:new=0,dup=245 | youtube:new=1,dup=29 | goods:new=1,dup=418
2026-03-15T13:10:51Z | totalNew=1 totalDup=717 | official(new=0,dup=24) twitter(new=0,dup=0) instagram(new=0,dup=0) news(new=1,dup=240) youtube(new=0,dup=33) goods(new=0,dup=420)
2026-03-15T13:31:35Z | newArticles=2 | duplicates=713 | official:0 twitter:0 instagram:0 news:1 youtube:1 goods:0
2026-03-15T13:41:54Z | totalNew=0 totalDup=714 | official(new=0,dup=24) twitter(new=0,dup=0) instagram(new=0,dup=0) news(new=0,dup=240) youtube(new=0,dup=31) goods(new=0,dup=419)
[2026-03-16 00:04 JST] runAllScrapers: success | newArticles=1 (goods:1) | duplicates=723 | official:0/24, twitter:0/0, instagram:0/0, news:0/239, youtube:0/33, goods:1/427
[2026-03-16 00:14 JST] success=true | newArticles=1 | duplicates=731
  official: new=0, dup=24
  twitter: new=0, dup=0
  instagram: new=0, dup=0
  news: new=0, dup=239
  youtube: new=0, dup=32
  goods: new=1, dup=436
2026-03-15T15:46:09Z | totalNew=0 | totalDup=732 | official(new=0,dup=24) twitter(new=0,dup=0) instagram(new=0,dup=0) news(new=0,dup=241) youtube(new=0,dup=34) goods(new=0,dup=433)
2026-03-15T15:56:30Z | newArticles=0 | duplicates=716 | official=0/24 twitter=0/0 instagram=0/0 news=0/240 youtube=0/33 goods=0/419 | all success
2026-03-15T18:11:09Z | totalNew=436 totalDup=297 | official(new=0,dup=24) twitter(new=0,dup=0) instagram(new=0,dup=0) news(new=136,dup=114) youtube(new=22,dup=12) goods(new=278,dup=147)
[2026-03-16 04:33 JST] runAllScrapers: success | newArticles=0 | duplicates=736 | official(new:0,dup:24) twitter(new:0,dup:0) instagram(new:0,dup:0) news(new:0,dup:247) youtube(new:0,dup:33) goods(new:0,dup:432)
2026-03-15T19:44:12Z | totalNew=2 totalDup=736 | official(new=0,dup=24) twitter(new=0,dup=0) instagram(new=0,dup=0) news(new=0,dup=249) youtube(new=0,dup=33) goods(new=2,dup=430)
2026-03-15T20:25:40Z | total_new=13 total_dup=728 | official(new=0,dup=24) twitter(new=0,dup=0) instagram(new=0,dup=0) news(new=0,dup=246) youtube(new=0,dup=33) goods(new=13,dup=425)
2026-03-16T04:11:28Z | newArticles=1 (youtube:1) | duplicates=719 | all scrapers OK
2026-03-16T04:21:46Z | totalNew=2 totalDuplicates=719 | official:new=0,dup=24 | twitter:new=0,dup=0 | instagram:new=0,dup=0 | news:new=0,dup=241 | youtube:new=2,dup=31 | goods:new=0,dup=423
2026-03-16T04:32:10Z | totalNew=2 totalDup=716 | official(new=0,dup=24) twitter(new=0,dup=0) instagram(new=0,dup=0) news(new=0,dup=239) youtube(new=0,dup=33) goods(new=2,dup=420)
2026-03-16T04:52:50Z | totalNew=1 totalDup=717 | official(new=0,dup=24) twitter(new=0,dup=0) instagram(new=0,dup=0) news(new=0,dup=239) youtube(new=0,dup=32) goods(new=1,dup=422)
2026-03-16T05:03:12Z | newArticles=3 (news:1, youtube:2) | duplicates=719 | all scrapers OK
2026-03-16T05:23:52Z | totalNew=3 totalDup=718 | official:0 twitter:0 instagram:0 news:2 youtube:1 goods:0
[2026-03-16 14:44 JST] runAllScrapers 完了 | 新規:3件 (news:3) | 重複:720件 | official:✅0 twitter:✅0 instagram:✅0 news:✅3 youtube:✅0 goods:✅0
2026-03-16T06:36:24Z | newArticles=2 | duplicates=723 | official(new:0,dup:24) twitter(new:0,dup:0) instagram(new:0,dup:0) news(new:1,dup:242) youtube(new:1,dup:32) goods(new:0,dup:425)
2026-03-16T06:46:43Z | totalNew=1 totalDup=725 | official(new=0,dup=24) twitter(new=0,dup=0) instagram(new=0,dup=0) news(new=1,dup=243) youtube(new=0,dup=33) goods(new=0,dup=425)
2026-03-16T06:57:04Z | newArticles=4 | duplicates=725 | official:0 twitter:0 instagram:0 news:1 youtube:0 goods:3
2026-03-16T07:17:48Z | newArticles=2 | duplicates=729 | official(new=0,dup=24) twitter(new=0,dup=0) instagram(new=0,dup=0) news(new=2,dup=245) youtube(new=0,dup=33) goods(new=0,dup=427)
[2026-03-16T07:27 JST] runAllScrapers: success | totalNew=1 totalDup=730 | official(new=0,dup=24) twitter(new=0,dup=0) instagram(new=0,dup=0) news(new=0,dup=244) youtube(new=0,dup=34) goods(new=1,dup=428)
2026-03-16T07:38:30Z | totalNew=6 | official:3new | twitter:0new | instagram:0new | news:3new | youtube:0new | goods:0new | totalDuplicates=722
2026-03-16T07:48:51Z | totalNew=0 totalDup=733 | official(new=0,dup=24) twitter(new=0,dup=0) instagram(new=0,dup=0) news(new=0,dup=249) youtube(new=0,dup=33) goods(new=0,dup=427)
2026-03-16T08:19:57Z | all scrapers OK | newArticles=0 | duplicates=730 | official(24) twitter(0) instagram(0) news(245) youtube(33) goods(428)
2026-03-16T08:40:36Z | totalNew=2 totalDup=733 | official(new=0,dup=24) twitter(new=0,dup=0) instagram(new=0,dup=0) news(new=2,dup=242) youtube(new=0,dup=32) goods(new=0,dup=435)
2026-03-16T11:05:30Z | newArticles=4 | duplicates=736 | official=0 twitter=0 instagram=0 news=1 youtube=0 goods=3
2026-03-16T21:11:05Z | totalNew=18 totalDup=723 | official:new=0,dup=24 | twitter:new=0,dup=0 | instagram:new=0,dup=0 | news:new=1,dup=245 | youtube:new=0,dup=34 | goods:new=17,dup=420
2026-03-17 12:05:21 JST | totalNew=15 totalDup=727 | official:new=0 dup=24 | twitter:new=0 dup=0 | instagram:new=0 dup=0 | news:new=3 dup=234 | youtube:new=1 dup=32 | goods:new=11 dup=437
2026-03-17T15:05:28Z | newArticles=11 | duplicates=741 | official=0 | twitter=0 | instagram=0 | news=0 | youtube=1 | goods=10
2026-03-19T21:05:22Z | new=57 dup=693 | official:0 twitter:0 instagram:0 news:3 youtube:4 goods:50
2026-03-21 06:05:27 JST | newArticles=44 | duplicates=709 | official:0 twitter:0 instagram:0 news:4 youtube:2 goods:38
2026-03-21T03:08:44Z | new:4 (youtube:1, goods:3) | dup:773 | all scrapers OK
2026-03-21T03:19:05Z | totalNew=2 totalDup=775 | official(new=0,dup=24) twitter(new=0,dup=0) instagram(new=0,dup=0) news(new=0,dup=275) youtube(new=2,dup=33) goods(new=0,dup=443)
2026-03-21T03:29:26Z | totalNew=4 | official=0 | twitter=0 | instagram=0 | news=3 | youtube=1 | goods=0
2026-03-21T04:00:28Z | newArticles=1 | duplicates=777 | official:new=0,dup=24 | twitter:new=0,dup=0 | instagram:new=0,dup=0 | news:new=1,dup=275 | youtube:new=0,dup=35 | goods:new=0,dup=443
2026-03-21T04:10:52Z | newArticles=2 | duplicates=775 | official:0new | twitter:0new | instagram:0new | news:0new | youtube:1new | goods:1new
2026-03-21T04:31:33Z | totalNew=2 totalDup=780 | official(0/24) twitter(0/0) instagram(0/0) news(1/275) youtube(1/35) goods(0/446)
2026-03-21 14:33:41 JST - runAllScrapers: success | newArticles=1 (youtube:1) | duplicates=775 | official:0/24 twitter:0/0 instagram:0/0 news:0/273 youtube:1/33 goods:0/445
2026-03-21T06:25:27Z | newArticles=6 | duplicates=770 | official=0 | twitter=0 | instagram=0 | news=1 | youtube=0 | goods=5
2026-03-21T06:46:08Z | newArticles=0 | duplicates=774 | official:0/24 twitter:0/0 instagram:0/0 news:0/273 youtube:0/34 goods:0/443 | all success
2026-03-21T08:19:17Z | newArticles=0 | duplicates=775 | official(0/24) twitter(0/0) instagram(0/0) news(0/271) youtube(0/36) goods(0/444) | all scrapers SUCCESS
2026-03-21T08:29:38Z | newArticles=1 | duplicates=776 | youtube:new=1 | official:new=0 | news:new=0 | goods:new=0 | twitter:new=0 | instagram:new=0
[2026-03-21T08:49 JST] runAllScrapers: success | new=7 (youtube:1, goods:6) | dups=768 | all scrapers OK
[2026-03-21T09:00:40Z] runAllScrapers: success | newArticles=0 | duplicates=778 | official(0/24) twitter(0/0) instagram(0/0) news(0/270) youtube(0/36) goods(0/448)
[2026-03-21T09:32:34Z] runAllScrapers: success | newArticles=2 (youtube:2) | duplicates=775 | all scrapers OK
2026-03-21T15:05:18Z | SUCCESS | newArticles=11 (goods:11) | duplicates=762 | all scrapers OK
2026-03-21T21:05:18Z | totalNew=20 totalDup=754 | official:new=0,dup=24 | twitter:new=0,dup=0 | instagram:new=0,dup=0 | news:new=2,dup=266 | youtube:new=2,dup=35 | goods:new=16,dup=429
2026-03-22T03:05:16Z | totalNew=12 totalDup=767 | official(new=0,dup=24) twitter(new=0,dup=0) instagram(new=0,dup=0) news(new=0,dup=265) youtube(new=3,dup=35) goods(new=9,dup=443)
2026-03-22T09:05:19Z | newArticles=12 | duplicates=760 | goods:new=12 | official:new=0 | news:new=0 | youtube:new=0 | twitter:new=0 | instagram:new=0
[2026-03-23 12:04 JST] runAllScrapers completed - newArticles: 4 (goods: 4), duplicates: 752. official:0, twitter:0, instagram:0, news:0, youtube:0, goods:4
2026-03-23T09:05:25Z | newArticles=29 | duplicates=727 | official=0 | twitter=0 | instagram=0 | news=3 | youtube=0 | goods=26
[2026-03-24 18:04 JST] runAllScrapers OK — 新規4件 (youtube:1, goods:3) / 重複745件
2026-03-26T03:05:25Z | total_new=9 total_dup=745 | official(new=0,dup=24) twitter(new=0,dup=0) instagram(new=0,dup=0) news(new=1,dup=252) youtube(new=0,dup=36) goods(new=8,dup=433)
2026-03-26T09:09:29Z | newArticles=21 | duplicates=741 | official:0 twitter:0 instagram:0 news:3 youtube:2 goods:16
2026-03-26T09:40:32Z | newArticles=29 | duplicates=743 | official=0 | twitter=0 | instagram=0 | news=0 | youtube=1 | goods=28
2026-03-26T10:21:55Z | totalNew=1 totalDup=725 | official(new=0,dup=24) twitter(new=0,dup=0) instagram(new=0,dup=0) news(new=0,dup=252) youtube(new=0,dup=35) goods(new=1,dup=414)
[2026-03-26T10:52:54Z] runAllScrapers: success | newArticles=0 | duplicates=753 (official:24, twitter:0, instagram:0, news:252, youtube:37, goods:440)
2026-03-26T11:24:01Z | SUCCESS | newArticles=21 (goods:21) | duplicates=744 | all scrapers OK
2026-03-27 00:05:21 JST | newArticles=2 (goods:2) | duplicates=750 | all scrapers success
2026-03-26T21:05:23Z | newArticles=53 (goods:53, others:0) | dupes=694 | all scrapers SUCCESS
2026-03-27T03:08:27Z | totalNew=14 totalDup=731 | official:new=0,dup=24 | twitter:new=0,dup=0 | instagram:new=0,dup=0 | news:new=1,dup=242 | youtube:new=1,dup=31 | goods:new=12,dup=434
2026-03-27T21:05:20Z | totalNew=31 | totalDup=723 | official:new=0,dup=24 | twitter:new=0,dup=0 | instagram:new=0,dup=0 | news:new=0,dup=256 | youtube:new=1,dup=31 | goods:new=30,dup=412
2026-03-28T03:44:46Z | newArticles=18 (news:1, goods:17) | duplicates=721 | all scrapers OK
2026-03-28T09:06:42Z | newArticles=13 | duplicates=732 | official:0 twitter:0 instagram:0 news:1 youtube:1 goods:11
2026-03-28T15:05:20Z | totalNew=1 totalDup=643 | official:new=0,dup=24 | twitter:new=0,dup=0 | instagram:new=0,dup=0 | news:new=0,dup=254 | youtube:new=0,dup=33 | goods:new=1,dup=332
2026-03-28T21:05:21Z | newArticles=26 | duplicates=730 | official:0 twitter:0 instagram:0 news:2 youtube:2 goods:22
2026-03-29T15:05:24Z | totalNew=2 totalDup=603 | official(new=0,dup=24) twitter(new=0,dup=0) instagram(new=0,dup=0) news(new=0,dup=249) youtube(new=0,dup=32) goods(new=2,dup=298)
